Using pre-set license
Built from '2022.3/staging' branch; Version is '2022.3.43f1 (85497d293fa1) revision 8735101'; Using compiler version '192829333'; Build Type 'Release'
OS: 'Windows 10  (10.0.19045) 64bit CoreSingleLanguage' Language: 'en' Physical Memory: 7599 MB
BatchMode: 1, IsHumanControllingUs: 0, StartBugReporterOnCrash: 0, Is64bit: 1, IsPro: 1

COMMAND LINE ARGUMENTS:
C:\Program Files\Unity\Hub\Editor\2022.3.43f1\Editor\Unity.exe
-adb2
-batchMode
-noUpm
-name
AssetImportWorker2
-projectPath
C:/Users/caoth/OneDrive/Documents/GitHub/Stack Maker
-logFile
Logs/AssetImportWorker2.log
-srvPort
52331
Successfully changed project path to: C:/Users/caoth/OneDrive/Documents/GitHub/Stack Maker
C:/Users/caoth/OneDrive/Documents/GitHub/Stack Maker
[UnityMemory] Configuration Parameters - Can be set up in boot.config
    "memorysetup-bucket-allocator-granularity=16"
    "memorysetup-bucket-allocator-bucket-count=8"
    "memorysetup-bucket-allocator-block-size=33554432"
    "memorysetup-bucket-allocator-block-count=8"
    "memorysetup-main-allocator-block-size=16777216"
    "memorysetup-thread-allocator-block-size=16777216"
    "memorysetup-gfx-main-allocator-block-size=16777216"
    "memorysetup-gfx-thread-allocator-block-size=16777216"
    "memorysetup-cache-allocator-block-size=4194304"
    "memorysetup-typetree-allocator-block-size=2097152"
    "memorysetup-profiler-bucket-allocator-granularity=16"
    "memorysetup-profiler-bucket-allocator-bucket-count=8"
    "memorysetup-profiler-bucket-allocator-block-size=33554432"
    "memorysetup-profiler-bucket-allocator-block-count=8"
    "memorysetup-profiler-allocator-block-size=16777216"
    "memorysetup-profiler-editor-allocator-block-size=1048576"
    "memorysetup-temp-allocator-size-main=16777216"
    "memorysetup-job-temp-allocator-block-size=2097152"
    "memorysetup-job-temp-allocator-block-size-background=1048576"
    "memorysetup-job-temp-allocator-reduction-small-platforms=262144"
    "memorysetup-allocator-temp-initial-block-size-main=262144"
    "memorysetup-allocator-temp-initial-block-size-worker=262144"
    "memorysetup-temp-allocator-size-background-worker=32768"
    "memorysetup-temp-allocator-size-job-worker=262144"
    "memorysetup-temp-allocator-size-preload-manager=33554432"
    "memorysetup-temp-allocator-size-nav-mesh-worker=65536"
    "memorysetup-temp-allocator-size-audio-worker=65536"
    "memorysetup-temp-allocator-size-cloud-worker=32768"
    "memorysetup-temp-allocator-size-gi-baking-worker=262144"
    "memorysetup-temp-allocator-size-gfx=262144"
Player connection [17296]  Target information:

Player connection [17296]  * "[IP] 172.16.0.2 [Port] 0 [Flags] 2 [Guid] 1082357301 [EditorId] 1082357301 [Version] 1048832 [Id] WindowsEditor(7,DESKTOP-VODL0MJ) [Debug] 1 [PackageName] WindowsEditor [ProjectName] Editor" 

Player connection [17296]  * "[IP] 192.168.1.78 [Port] 0 [Flags] 2 [Guid] 1082357301 [EditorId] 1082357301 [Version] 1048832 [Id] WindowsEditor(7,DESKTOP-VODL0MJ) [Debug] 1 [PackageName] WindowsEditor [ProjectName] Editor" 

Player connection [17296] Host joined multi-casting on [225.0.0.222:54997]...
Player connection [17296] Host joined alternative multi-casting on [225.0.0.222:34997]...
[PhysX] Initialized MultithreadedTaskDispatcher with 12 workers.
Refreshing native plugins compatible for Editor in 35.96 ms, found 3 plugins.
Preloading 0 native plugins for Editor in 0.00 ms.
Initialize engine version: 2022.3.43f1 (85497d293fa1)
[Subsystems] Discovering subsystems at path C:/Program Files/Unity/Hub/Editor/2022.3.43f1/Editor/Data/Resources/UnitySubsystems
[Subsystems] Discovering subsystems at path C:/Users/caoth/OneDrive/Documents/GitHub/Stack Maker/Assets
GfxDevice: creating device client; threaded=0; jobified=0
Direct3D:
    Version:  Direct3D 11.0 [level 11.1]
    Renderer: NVIDIA GeForce GTX 1650 Ti (ID=0x1f95)
    Vendor:   NVIDIA
    VRAM:     3962 MB
    Driver:   31.0.15.1640
Initialize mono
Mono path[0] = 'C:/Program Files/Unity/Hub/Editor/2022.3.43f1/Editor/Data/Managed'
Mono path[1] = 'C:/Program Files/Unity/Hub/Editor/2022.3.43f1/Editor/Data/MonoBleedingEdge/lib/mono/unityjit-win32'
Mono config path = 'C:/Program Files/Unity/Hub/Editor/2022.3.43f1/Editor/Data/MonoBleedingEdge/etc'
Using monoOptions --debugger-agent=transport=dt_socket,embedding=1,server=y,suspend=n,address=127.0.0.1:56872
Begin MonoManager ReloadAssembly
Registering precompiled unity dll's ...
Register platform support module: C:/Program Files/Unity/Hub/Editor/2022.3.43f1/Editor/Data/PlaybackEngines/AndroidPlayer/UnityEditor.Android.Extensions.dll
Register platform support module: C:/Program Files/Unity/Hub/Editor/2022.3.43f1/Editor/Data/PlaybackEngines/WindowsStandaloneSupport/UnityEditor.WindowsStandalone.Extensions.dll
Registered in 0.013045 seconds.
- Loaded All Assemblies, in  0.557 seconds
Native extension for WindowsStandalone target not found
Native extension for Android target not found
Android Extension - Scanning For ADB Devices 391 ms
Mono: successfully reloaded assembly
- Finished resetting the current domain, in  0.735 seconds
Domain Reload Profiling: 1291ms
	BeginReloadAssembly (225ms)
		ExecutionOrderSort (0ms)
		DisableScriptedObjects (0ms)
		BackupInstance (0ms)
		ReleaseScriptingObjects (0ms)
		CreateAndSetChildDomain (1ms)
	RebuildCommonClasses (42ms)
	RebuildNativeTypeToScriptingClass (12ms)
	initialDomainReloadingComplete (92ms)
	LoadAllAssembliesAndSetupDomain (184ms)
		LoadAssemblies (224ms)
		RebuildTransferFunctionScriptingTraits (0ms)
		AnalyzeDomain (181ms)
			TypeCache.Refresh (178ms)
				TypeCache.ScanAssembly (158ms)
			ScanForSourceGeneratedMonoScriptInfo (0ms)
			ResolveRequiredComponents (2ms)
	FinalizeReload (736ms)
		ReleaseScriptCaches (0ms)
		RebuildScriptCaches (0ms)
		SetupLoadedEditorAssemblies (688ms)
			LogAssemblyErrors (0ms)
			InitializePlatformSupportModulesInManaged (497ms)
			SetLoadedEditorAssemblies (5ms)
			RefreshPlugins (0ms)
			BeforeProcessingInitializeOnLoad (2ms)
			ProcessInitializeOnLoadAttributes (136ms)
			ProcessInitializeOnLoadMethodAttributes (47ms)
			AfterProcessingInitializeOnLoad (0ms)
			EditorAssembliesLoaded (0ms)
		ExecutionOrderSort2 (0ms)
		AwakeInstancesAfterBackupRestoration (0ms)
========================================================================
Worker process is ready to serve import requests
Caller must complete domain reload
Begin MonoManager ReloadAssembly
- Loaded All Assemblies, in  0.888 seconds
Native extension for WindowsStandalone target not found
Native extension for Android target not found
Mono: successfully reloaded assembly
- Finished resetting the current domain, in  0.616 seconds
Domain Reload Profiling: 1503ms
	BeginReloadAssembly (174ms)
		ExecutionOrderSort (0ms)
		DisableScriptedObjects (5ms)
		BackupInstance (0ms)
		ReleaseScriptingObjects (0ms)
		CreateAndSetChildDomain (34ms)
	RebuildCommonClasses (35ms)
	RebuildNativeTypeToScriptingClass (11ms)
	initialDomainReloadingComplete (41ms)
	LoadAllAssembliesAndSetupDomain (624ms)
		LoadAssemblies (501ms)
		RebuildTransferFunctionScriptingTraits (0ms)
		AnalyzeDomain (220ms)
			TypeCache.Refresh (197ms)
				TypeCache.ScanAssembly (176ms)
			ScanForSourceGeneratedMonoScriptInfo (17ms)
			ResolveRequiredComponents (5ms)
	FinalizeReload (618ms)
		ReleaseScriptCaches (0ms)
		RebuildScriptCaches (0ms)
		SetupLoadedEditorAssemblies (466ms)
			LogAssemblyErrors (0ms)
			InitializePlatformSupportModulesInManaged (20ms)
			SetLoadedEditorAssemblies (3ms)
			RefreshPlugins (0ms)
			BeforeProcessingInitializeOnLoad (74ms)
			ProcessInitializeOnLoadAttributes (336ms)
			ProcessInitializeOnLoadMethodAttributes (24ms)
			AfterProcessingInitializeOnLoad (7ms)
			EditorAssembliesLoaded (0ms)
		ExecutionOrderSort2 (0ms)
		AwakeInstancesAfterBackupRestoration (8ms)
Launched and connected shader compiler UnityShaderCompiler.exe after 0.05 seconds
Refreshing native plugins compatible for Editor in 4.35 ms, found 3 plugins.
Preloading 0 native plugins for Editor in 0.00 ms.
Unloading 3137 Unused Serialized files (Serialized files now loaded: 0)
Unloading 19 unused Assets / (54.5 KB). Loaded Objects now: 3609.
Memory consumption went from 119.4 MB to 119.4 MB.
Total: 4.057600 ms (FindLiveObjects: 0.265000 ms CreateObjectMapping: 0.092200 ms MarkObjects: 3.525600 ms  DeleteObjects: 0.172000 ms)

AssetImportParameters requested are different than current active one (requested -> active):
  custom:container-demuxer-ogg: 62fdf1f143b41e24485cea50d1cbac27 -> 
  custom:video-decoder-ogg-theora: a1e56fd34408186e4bbccfd4996cb3dc -> 
  custom:framework-win-MediaFoundation: 216162199b28c13a410421893ffa2e32 -> 
  custom:CustomObjectIndexerAttribute: 9a22284fe3817be447336de3de66b15e -> 
  custom:container-demuxer-webm: 4f35f7cbe854078d1ac9338744f61a02 -> 
  custom:container-muxer-webm: aa71ff27fc2769a1b78a27578f13a17b -> 
  custom:video-decoder-webm-vp8: 9c59270c3fd7afecdb556c50c9e8de78 -> 
  custom:SearchIndexIgnoredProperties: e643bd26f0fe6173181afceb89e7c659 -> 
  custom:AudioImporter_EditorPlatform: d09bf68614088b80899f8185d706f6e7 -> 
  custom:video-encoder-webm-vp8: eb34c28f22e8b96e1ab97ce403110664 -> 
  custom:audio-decoder-ogg-vorbis: bf7c407c2cedff20999df2af8eb42d56 -> 
  custom:audio-encoder-webm-vorbis: bf7c407c2cedff20999df2af8eb42d56 -> 
========================================================================
Received Import Request.
  Time since last request: 1211212.719477 seconds.
  path: Assets/_MazeMakerAssets/Resources/Font/+.png
  artifactKey: Guid(2500a2b542cede949bde33460ef73001) Importer(815301076,1909f56bfc062723c751e8b465ee728b)
Start importing Assets/_MazeMakerAssets/Resources/Font/+.png using Guid(2500a2b542cede949bde33460ef73001) Importer(815301076,1909f56bfc062723c751e8b465ee728b) [PhysX] Initialized MultithreadedTaskDispatcher with 12 workers.
[PhysX] Initialized MultithreadedTaskDispatcher with 12 workers.
 -> (artifact id: '37337b2b57d2420d5fd65206b0a186a6') in 0.141984 seconds
Number of updated asset objects reloaded before import = 0
Number of asset objects unloaded after import = 3
========================================================================
Received Import Request.
  Time since last request: 0.000036 seconds.
  path: Assets/_MazeMakerAssets/Resources/Font/4.png
  artifactKey: Guid(98a7f6a8128846c45840b4ff59a8bf0a) Importer(815301076,1909f56bfc062723c751e8b465ee728b)
Start importing Assets/_MazeMakerAssets/Resources/Font/4.png using Guid(98a7f6a8128846c45840b4ff59a8bf0a) Importer(815301076,1909f56bfc062723c751e8b465ee728b) [PhysX] Initialized MultithreadedTaskDispatcher with 12 workers.
[PhysX] Initialized MultithreadedTaskDispatcher with 12 workers.
 -> (artifact id: '5462d493f0661b68ac0ed61ad8ed3dc5') in 0.019035 seconds
Number of updated asset objects reloaded before import = 0
Number of asset objects unloaded after import = 3
========================================================================
Received Import Request.
  Time since last request: 0.000037 seconds.
  path: Assets/_MazeMakerAssets/Resources/Font/2.png
  artifactKey: Guid(516456f2a900cbd44b950e6f9b441c77) Importer(815301076,1909f56bfc062723c751e8b465ee728b)
Start importing Assets/_MazeMakerAssets/Resources/Font/2.png using Guid(516456f2a900cbd44b950e6f9b441c77) Importer(815301076,1909f56bfc062723c751e8b465ee728b) [PhysX] Initialized MultithreadedTaskDispatcher with 12 workers.
[PhysX] Initialized MultithreadedTaskDispatcher with 12 workers.
 -> (artifact id: 'd26db1b80738c869f09d143263c7d8a9') in 0.019033 seconds
Number of updated asset objects reloaded before import = 0
Number of asset objects unloaded after import = 3
========================================================================
Received Import Request.
  Time since last request: 0.000028 seconds.
  path: Assets/_MazeMakerAssets/Resources/Font/。(1).png
  artifactKey: Guid(9ab364a58df565947abae6f291a260c7) Importer(815301076,1909f56bfc062723c751e8b465ee728b)
Start importing Assets/_MazeMakerAssets/Resources/Font/。(1).png using Guid(9ab364a58df565947abae6f291a260c7) Importer(815301076,1909f56bfc062723c751e8b465ee728b) [PhysX] Initialized MultithreadedTaskDispatcher with 12 workers.
[PhysX] Initialized MultithreadedTaskDispatcher with 12 workers.
 -> (artifact id: '692a246394fc9d43e695959337d34c3f') in 0.020524 seconds
Number of updated asset objects reloaded before import = 0
Number of asset objects unloaded after import = 3
========================================================================
Received Import Request.
  Time since last request: 0.000023 seconds.
  path: Assets/_MazeMakerAssets/Resources/Font/7.png
  artifactKey: Guid(dd25e4483db4a4246a2dcf51f5da2395) Importer(815301076,1909f56bfc062723c751e8b465ee728b)
Start importing Assets/_MazeMakerAssets/Resources/Font/7.png using Guid(dd25e4483db4a4246a2dcf51f5da2395) Importer(815301076,1909f56bfc062723c751e8b465ee728b) [PhysX] Initialized MultithreadedTaskDispatcher with 12 workers.
[PhysX] Initialized MultithreadedTaskDispatcher with 12 workers.
 -> (artifact id: '3adfb6e6df6c8c74dfbabb3c05307d6e') in 0.021800 seconds
Number of updated asset objects reloaded before import = 0
Number of asset objects unloaded after import = 3
========================================================================
Received Import Request.
  Time since last request: 0.000024 seconds.
  path: Assets/_MazeMakerAssets/Resources/Font/6.png
  artifactKey: Guid(10fe2add151745e488f6d094a198751c) Importer(815301076,1909f56bfc062723c751e8b465ee728b)
Start importing Assets/_MazeMakerAssets/Resources/Font/6.png using Guid(10fe2add151745e488f6d094a198751c) Importer(815301076,1909f56bfc062723c751e8b465ee728b) [PhysX] Initialized MultithreadedTaskDispatcher with 12 workers.
[PhysX] Initialized MultithreadedTaskDispatcher with 12 workers.
 -> (artifact id: 'ba12bf198dfd1ba1aa18f4b900bbbcdb') in 0.020808 seconds
Number of updated asset objects reloaded before import = 0
Number of asset objects unloaded after import = 3
========================================================================
Received Import Request.
  Time since last request: 0.000022 seconds.
  path: Assets/_MazeMakerAssets/Resources/Font/8.png
  artifactKey: Guid(388cde3223892f74898a4ea5db16eacd) Importer(815301076,1909f56bfc062723c751e8b465ee728b)
Start importing Assets/_MazeMakerAssets/Resources/Font/8.png using Guid(388cde3223892f74898a4ea5db16eacd) Importer(815301076,1909f56bfc062723c751e8b465ee728b) [PhysX] Initialized MultithreadedTaskDispatcher with 12 workers.
[PhysX] Initialized MultithreadedTaskDispatcher with 12 workers.
 -> (artifact id: '1c6744490685adb5b5421a1aaf1a28cf') in 0.020063 seconds
Number of updated asset objects reloaded before import = 0
Number of asset objects unloaded after import = 3
========================================================================
Received Import Request.
  Time since last request: 0.000024 seconds.
  path: Assets/_MazeMakerAssets/Resources/Font/getfont.png
  artifactKey: Guid(26ce0da0140584f40bda14aac0a0f203) Importer(815301076,1909f56bfc062723c751e8b465ee728b)
Start importing Assets/_MazeMakerAssets/Resources/Font/getfont.png using Guid(26ce0da0140584f40bda14aac0a0f203) Importer(815301076,1909f56bfc062723c751e8b465ee728b) [PhysX] Initialized MultithreadedTaskDispatcher with 12 workers.
[PhysX] Initialized MultithreadedTaskDispatcher with 12 workers.
 -> (artifact id: 'ca2f892e116044618de41ee52c1ce0b0') in 0.020257 seconds
Number of updated asset objects reloaded before import = 0
Number of asset objects unloaded after import = 2
========================================================================
Received Import Request.
  Time since last request: 0.000025 seconds.
  path: Assets/_MazeMakerAssets/Resources/Font/9.png
  artifactKey: Guid(2e6208857e97c2640afd01bb27e59317) Importer(815301076,1909f56bfc062723c751e8b465ee728b)
Start importing Assets/_MazeMakerAssets/Resources/Font/9.png using Guid(2e6208857e97c2640afd01bb27e59317) Importer(815301076,1909f56bfc062723c751e8b465ee728b) [PhysX] Initialized MultithreadedTaskDispatcher with 12 workers.
[PhysX] Initialized MultithreadedTaskDispatcher with 12 workers.
 -> (artifact id: '200ec363021cac4f945a842e9b043f6b') in 0.021689 seconds
Number of updated asset objects reloaded before import = 0
Number of asset objects unloaded after import = 3
========================================================================
Received Import Request.
  Time since last request: 53.644168 seconds.
  path: Assets/_MazeMakerAssets
  artifactKey: Guid(4641f86f3c6fb874bad639372c71c44c) Importer(815301076,1909f56bfc062723c751e8b465ee728b)
Start importing Assets/_MazeMakerAssets using Guid(4641f86f3c6fb874bad639372c71c44c) Importer(815301076,1909f56bfc062723c751e8b465ee728b) [PhysX] Initialized MultithreadedTaskDispatcher with 12 workers.
 -> (artifact id: 'e7c03b6feb135817b4543eee0c8f0316') in 0.001145 seconds
Number of updated asset objects reloaded before import = 0
Number of asset objects unloaded after import = 0
========================================================================
Received Import Request.
  Time since last request: 1.266623 seconds.
  path: Assets/_MazeMakerAssets/AnimationClip
  artifactKey: Guid(6964dbca5beabf3479b0ade4b18a37e5) Importer(815301076,1909f56bfc062723c751e8b465ee728b)
Start importing Assets/_MazeMakerAssets/AnimationClip using Guid(6964dbca5beabf3479b0ade4b18a37e5) Importer(815301076,1909f56bfc062723c751e8b465ee728b) [PhysX] Initialized MultithreadedTaskDispatcher with 12 workers.
 -> (artifact id: 'd7db813420c4e5594c5cbacaa35b1b02') in 0.000770 seconds
Number of updated asset objects reloaded before import = 0
Number of asset objects unloaded after import = 0
========================================================================
Received Import Request.
  Time since last request: 3.085326 seconds.
  path: Assets/_MazeMakerAssets/Material/lightning_down_channel1x5_yellow.mat
  artifactKey: Guid(9a98e0682bdc06946ba6df0bc66d8f67) Importer(815301076,1909f56bfc062723c751e8b465ee728b)
Start importing Assets/_MazeMakerAssets/Material/lightning_down_channel1x5_yellow.mat using Guid(9a98e0682bdc06946ba6df0bc66d8f67) Importer(815301076,1909f56bfc062723c751e8b465ee728b) [PhysX] Initialized MultithreadedTaskDispatcher with 12 workers.
[PhysX] Initialized MultithreadedTaskDispatcher with 12 workers.
 -> (artifact id: '5f93c82f17c176c6e7937e180b8f50ef') in 0.109353 seconds
Number of updated asset objects reloaded before import = 0
Number of asset objects unloaded after import = 2
========================================================================
Received Import Request.
  Time since last request: 0.000042 seconds.
  path: Assets/_MazeMakerAssets/Material/newbody_001.mat
  artifactKey: Guid(f55bf57f0ee385445bd9f6909050ec51) Importer(815301076,1909f56bfc062723c751e8b465ee728b)
Start importing Assets/_MazeMakerAssets/Material/newbody_001.mat using Guid(f55bf57f0ee385445bd9f6909050ec51) Importer(815301076,1909f56bfc062723c751e8b465ee728b) [PhysX] Initialized MultithreadedTaskDispatcher with 12 workers.
[PhysX] Initialized MultithreadedTaskDispatcher with 12 workers.
 -> (artifact id: '4840734aeb00dfc43a92e893e4544bab') in 0.063438 seconds
Number of updated asset objects reloaded before import = 0
Number of asset objects unloaded after import = 2
========================================================================
Received Import Request.
  Time since last request: 0.000037 seconds.
  path: Assets/_MazeMakerAssets/Material/mask.mat
  artifactKey: Guid(eef1a000da561cf488334fc93ccf84c4) Importer(815301076,1909f56bfc062723c751e8b465ee728b)
Start importing Assets/_MazeMakerAssets/Material/mask.mat using Guid(eef1a000da561cf488334fc93ccf84c4) Importer(815301076,1909f56bfc062723c751e8b465ee728b) [PhysX] Initialized MultithreadedTaskDispatcher with 12 workers.
[PhysX] Initialized MultithreadedTaskDispatcher with 12 workers.
 -> (artifact id: '46843da894a11f81b0a106296a43c157') in 0.100177 seconds
Number of updated asset objects reloaded before import = 0
Number of asset objects unloaded after import = 1
========================================================================
Received Import Request.
  Time since last request: 874.460718 seconds.
  path: Assets/_MazeMakerAssets/Resources/Prefab/winpos.prefab
  artifactKey: Guid(bec8fbf23e70b4f42b574dddd6681a4c) Importer(815301076,1909f56bfc062723c751e8b465ee728b)
Start importing Assets/_MazeMakerAssets/Resources/Prefab/winpos.prefab using Guid(bec8fbf23e70b4f42b574dddd6681a4c) Importer(815301076,1909f56bfc062723c751e8b465ee728b) [PhysX] Initialized MultithreadedTaskDispatcher with 12 workers.
[PhysX] Initialized MultithreadedTaskDispatcher with 12 workers.
 -> (artifact id: 'ca452b78f6df790ded16cc41b17bfdb6') in 0.478069 seconds
Number of updated asset objects reloaded before import = 0
Number of asset objects unloaded after import = 567
========================================================================
Received Import Request.
  Time since last request: 1.098533 seconds.
  path: Assets/_MazeMakerAssets/Resources/Prefab/winpos.prefab
  artifactKey: Guid(bec8fbf23e70b4f42b574dddd6681a4c) Importer(815301076,1909f56bfc062723c751e8b465ee728b)
Start importing Assets/_MazeMakerAssets/Resources/Prefab/winpos.prefab using Guid(bec8fbf23e70b4f42b574dddd6681a4c) Importer(815301076,1909f56bfc062723c751e8b465ee728b) [PhysX] Initialized MultithreadedTaskDispatcher with 12 workers.
[PhysX] Initialized MultithreadedTaskDispatcher with 12 workers.
 -> (artifact id: '7cbe0decca5f679ceac81a5fdf2c81c8') in 0.060524 seconds
Number of updated asset objects reloaded before import = 0
Number of asset objects unloaded after import = 567
========================================================================
Received Import Request.
  Time since last request: 20.688460 seconds.
  path: Assets/_MazeMakerAssets/Resources/Prefab/winpos.prefab
  artifactKey: Guid(bec8fbf23e70b4f42b574dddd6681a4c) Importer(815301076,1909f56bfc062723c751e8b465ee728b)
Start importing Assets/_MazeMakerAssets/Resources/Prefab/winpos.prefab using Guid(bec8fbf23e70b4f42b574dddd6681a4c) Importer(815301076,1909f56bfc062723c751e8b465ee728b) [PhysX] Initialized MultithreadedTaskDispatcher with 12 workers.
[PhysX] Initialized MultithreadedTaskDispatcher with 12 workers.
 -> (artifact id: 'a1f4127f5b8874021e47d87db5c8c00d') in 0.060872 seconds
Number of updated asset objects reloaded before import = 0
Number of asset objects unloaded after import = 567
========================================================================
Received Import Request.
  Time since last request: 17.544601 seconds.
  path: Assets/_MazeMakerAssets/Texture2D/bg_6.png
  artifactKey: Guid(7dee2455bd7af1a47a16cf83543d3047) Importer(815301076,1909f56bfc062723c751e8b465ee728b)
Start importing Assets/_MazeMakerAssets/Texture2D/bg_6.png using Guid(7dee2455bd7af1a47a16cf83543d3047) Importer(815301076,1909f56bfc062723c751e8b465ee728b) [PhysX] Initialized MultithreadedTaskDispatcher with 12 workers.
[PhysX] Initialized MultithreadedTaskDispatcher with 12 workers.
 -> (artifact id: 'b2280f8fc6d4c5fab27fcb464e7db2b3') in 0.038203 seconds
Number of updated asset objects reloaded before import = 0
Number of asset objects unloaded after import = 3
========================================================================
Received Import Request.
  Time since last request: 0.004526 seconds.
  path: Assets/_MazeMakerAssets/Texture2D/bt.png
  artifactKey: Guid(049e5e24ee9d4ac458dd41bd755de6a0) Importer(815301076,1909f56bfc062723c751e8b465ee728b)
Start importing Assets/_MazeMakerAssets/Texture2D/bt.png using Guid(049e5e24ee9d4ac458dd41bd755de6a0) Importer(815301076,1909f56bfc062723c751e8b465ee728b) [PhysX] Initialized MultithreadedTaskDispatcher with 12 workers.
[PhysX] Initialized MultithreadedTaskDispatcher with 12 workers.
 -> (artifact id: '8c256e8ff75398718212780bb61f7ca4') in 0.036377 seconds
Number of updated asset objects reloaded before import = 0
Number of asset objects unloaded after import = 3
========================================================================
Received Import Request.
  Time since last request: 0.000024 seconds.
  path: Assets/_MazeMakerAssets/Texture2D/Checkmark.png
  artifactKey: Guid(e4227993560b9d945bc5d15a51044362) Importer(815301076,1909f56bfc062723c751e8b465ee728b)
Start importing Assets/_MazeMakerAssets/Texture2D/Checkmark.png using Guid(e4227993560b9d945bc5d15a51044362) Importer(815301076,1909f56bfc062723c751e8b465ee728b) [PhysX] Initialized MultithreadedTaskDispatcher with 12 workers.
[PhysX] Initialized MultithreadedTaskDispatcher with 12 workers.
 -> (artifact id: '3de467e1c60aa253067c219e0d5af710') in 0.028841 seconds
Number of updated asset objects reloaded before import = 0
Number of asset objects unloaded after import = 3
========================================================================
Received Import Request.
  Time since last request: 0.000028 seconds.
  path: Assets/_MazeMakerAssets/Texture2D/cheng.png
  artifactKey: Guid(fd88e4ff8b902074798df886bd08967d) Importer(815301076,1909f56bfc062723c751e8b465ee728b)
Start importing Assets/_MazeMakerAssets/Texture2D/cheng.png using Guid(fd88e4ff8b902074798df886bd08967d) Importer(815301076,1909f56bfc062723c751e8b465ee728b) [PhysX] Initialized MultithreadedTaskDispatcher with 12 workers.
[PhysX] Initialized MultithreadedTaskDispatcher with 12 workers.
 -> (artifact id: '8f5d5654f5e938eb45829e6ab7d402e5') in 0.032510 seconds
Number of updated asset objects reloaded before import = 0
Number of asset objects unloaded after import = 3
Editor requested this worker to shutdown with reason: Scaling down because of idle timeout
TcpMessagingSession - receive error: operation aborted. errorcode: 995, details: The I/O operation has been aborted because of either a thread exit or an application request.
AssetImportWorker is now disconnected from the server
Process exiting
Exiting without the bug reporter. Application will terminate with return code 0